<?xml version="1.0" encoding="UTF-8"?>
<testsuite xmlns:xsi="http://www.w3.org/2001/XMLSchema-instance" xsi:noNamespaceSchemaLocation="https://maven.apache.org/surefire/maven-surefire-plugin/xsd/surefire-test-report.xsd" name="com.example.batchprocessing.BatchConfigurationTest" time="0.832" tests="4" errors="4" skipped="0" failures="0">
  <properties>
    <property name="java.specification.version" value="17"/>
    <property name="sun.cpu.isalist" value="amd64"/>
    <property name="sun.jnu.encoding" value="Cp1252"/>
    <property name="java.class.path" value="D:\Developer\workspace-j17\gs-batch-processing\complete\target\test-classes;D:\Developer\workspace-j17\gs-batch-processing\complete\target\classes;C:\Users\mjedli\.m2\repository\org\springframework\boot\spring-boot-starter-batch\3.0.0\spring-boot-starter-batch-3.0.0.jar;C:\Users\mjedli\.m2\repository\org\springframework\boot\spring-boot-starter\3.0.0\spring-boot-starter-3.0.0.jar;C:\Users\mjedli\.m2\repository\org\springframework\boot\spring-boot\3.0.0\spring-boot-3.0.0.jar;C:\Users\mjedli\.m2\repository\org\springframework\boot\spring-boot-autoconfigure\3.0.0\spring-boot-autoconfigure-3.0.0.jar;C:\Users\mjedli\.m2\repository\org\springframework\boot\spring-boot-starter-logging\3.0.0\spring-boot-starter-logging-3.0.0.jar;C:\Users\mjedli\.m2\repository\ch\qos\logback\logback-classic\1.4.5\logback-classic-1.4.5.jar;C:\Users\mjedli\.m2\repository\ch\qos\logback\logback-core\1.4.5\logback-core-1.4.5.jar;C:\Users\mjedli\.m2\repository\org\apache\logging\log4j\log4j-to-slf4j\2.19.0\log4j-to-slf4j-2.19.0.jar;C:\Users\mjedli\.m2\repository\org\apache\logging\log4j\log4j-api\2.19.0\log4j-api-2.19.0.jar;C:\Users\mjedli\.m2\repository\org\slf4j\jul-to-slf4j\2.0.4\jul-to-slf4j-2.0.4.jar;C:\Users\mjedli\.m2\repository\jakarta\annotation\jakarta.annotation-api\2.1.1\jakarta.annotation-api-2.1.1.jar;C:\Users\mjedli\.m2\repository\org\yaml\snakeyaml\1.33\snakeyaml-1.33.jar;C:\Users\mjedli\.m2\repository\org\springframework\boot\spring-boot-starter-jdbc\3.0.0\spring-boot-starter-jdbc-3.0.0.jar;C:\Users\mjedli\.m2\repository\com\zaxxer\HikariCP\5.0.1\HikariCP-5.0.1.jar;C:\Users\mjedli\.m2\repository\org\springframework\batch\spring-batch-core\5.0.0\spring-batch-core-5.0.0.jar;C:\Users\mjedli\.m2\repository\org\springframework\batch\spring-batch-infrastructure\5.0.0\spring-batch-infrastructure-5.0.0.jar;C:\Users\mjedli\.m2\repository\org\springframework\retry\spring-retry\2.0.0\spring-retry-2.0.0.jar;C:\Users\mjedli\.m2\repository\org\springframework\spring-aop\6.0.2\spring-aop-6.0.2.jar;C:\Users\mjedli\.m2\repository\org\springframework\spring-context\6.0.2\spring-context-6.0.2.jar;C:\Users\mjedli\.m2\repository\org\springframework\spring-expression\6.0.2\spring-expression-6.0.2.jar;C:\Users\mjedli\.m2\repository\org\springframework\spring-tx\6.0.2\spring-tx-6.0.2.jar;C:\Users\mjedli\.m2\repository\io\micrometer\micrometer-core\1.10.2\micrometer-core-1.10.2.jar;C:\Users\mjedli\.m2\repository\io\micrometer\micrometer-commons\1.10.2\micrometer-commons-1.10.2.jar;C:\Users\mjedli\.m2\repository\org\hdrhistogram\HdrHistogram\2.1.12\HdrHistogram-2.1.12.jar;C:\Users\mjedli\.m2\repository\org\latencyutils\LatencyUtils\2.0.3\LatencyUtils-2.0.3.jar;C:\Users\mjedli\.m2\repository\io\micrometer\micrometer-observation\1.10.2\micrometer-observation-1.10.2.jar;C:\Users\mjedli\.m2\repository\org\springframework\spring-oxm\5.3.0\spring-oxm-5.3.0.jar;C:\Users\mjedli\.m2\repository\org\springframework\spring-beans\6.0.2\spring-beans-6.0.2.jar;C:\Users\mjedli\.m2\repository\org\springframework\spring-core\6.0.2\spring-core-6.0.2.jar;C:\Users\mjedli\.m2\repository\org\springframework\spring-jcl\6.0.2\spring-jcl-6.0.2.jar;C:\Users\mjedli\.m2\repository\com\sun\xml\bind\jaxb-core\2.3.0.1\jaxb-core-2.3.0.1.jar;C:\Users\mjedli\.m2\repository\javax\xml\bind\jaxb-api\2.3.1\jaxb-api-2.3.1.jar;C:\Users\mjedli\.m2\repository\javax\activation\javax.activation-api\1.2.0\javax.activation-api-1.2.0.jar;C:\Users\mjedli\.m2\repository\com\sun\xml\bind\jaxb-impl\2.3.1\jaxb-impl-2.3.1.jar;C:\Users\mjedli\.m2\repository\org\hsqldb\hsqldb\2.7.1\hsqldb-2.7.1.jar;C:\Users\mjedli\.m2\repository\org\springframework\boot\spring-boot-starter-test\3.0.0\spring-boot-starter-test-3.0.0.jar;C:\Users\mjedli\.m2\repository\org\springframework\boot\spring-boot-test\3.0.0\spring-boot-test-3.0.0.jar;C:\Users\mjedli\.m2\repository\org\springframework\boot\spring-boot-test-autoconfigure\3.0.0\spring-boot-test-autoconfigure-3.0.0.jar;C:\Users\mjedli\.m2\repository\com\jayway\jsonpath\json-path\2.7.0\json-path-2.7.0.jar;C:\Users\mjedli\.m2\repository\net\minidev\json-smart\2.4.8\json-smart-2.4.8.jar;C:\Users\mjedli\.m2\repository\net\minidev\accessors-smart\2.4.8\accessors-smart-2.4.8.jar;C:\Users\mjedli\.m2\repository\org\ow2\asm\asm\9.1\asm-9.1.jar;C:\Users\mjedli\.m2\repository\org\slf4j\slf4j-api\2.0.4\slf4j-api-2.0.4.jar;C:\Users\mjedli\.m2\repository\jakarta\xml\bind\jakarta.xml.bind-api\4.0.0\jakarta.xml.bind-api-4.0.0.jar;C:\Users\mjedli\.m2\repository\jakarta\activation\jakarta.activation-api\2.1.0\jakarta.activation-api-2.1.0.jar;C:\Users\mjedli\.m2\repository\org\assertj\assertj-core\3.23.1\assertj-core-3.23.1.jar;C:\Users\mjedli\.m2\repository\net\bytebuddy\byte-buddy\1.12.19\byte-buddy-1.12.19.jar;C:\Users\mjedli\.m2\repository\org\hamcrest\hamcrest\2.2\hamcrest-2.2.jar;C:\Users\mjedli\.m2\repository\org\junit\jupiter\junit-jupiter\5.9.1\junit-jupiter-5.9.1.jar;C:\Users\mjedli\.m2\repository\org\junit\jupiter\junit-jupiter-api\5.9.1\junit-jupiter-api-5.9.1.jar;C:\Users\mjedli\.m2\repository\org\opentest4j\opentest4j\1.2.0\opentest4j-1.2.0.jar;C:\Users\mjedli\.m2\repository\org\junit\platform\junit-platform-commons\1.9.1\junit-platform-commons-1.9.1.jar;C:\Users\mjedli\.m2\repository\org\apiguardian\apiguardian-api\1.1.2\apiguardian-api-1.1.2.jar;C:\Users\mjedli\.m2\repository\org\junit\jupiter\junit-jupiter-params\5.9.1\junit-jupiter-params-5.9.1.jar;C:\Users\mjedli\.m2\repository\org\junit\jupiter\junit-jupiter-engine\5.9.1\junit-jupiter-engine-5.9.1.jar;C:\Users\mjedli\.m2\repository\org\junit\platform\junit-platform-engine\1.9.1\junit-platform-engine-1.9.1.jar;C:\Users\mjedli\.m2\repository\org\mockito\mockito-core\4.8.1\mockito-core-4.8.1.jar;C:\Users\mjedli\.m2\repository\net\bytebuddy\byte-buddy-agent\1.12.19\byte-buddy-agent-1.12.19.jar;C:\Users\mjedli\.m2\repository\org\objenesis\objenesis\3.2\objenesis-3.2.jar;C:\Users\mjedli\.m2\repository\org\mockito\mockito-junit-jupiter\4.8.1\mockito-junit-jupiter-4.8.1.jar;C:\Users\mjedli\.m2\repository\org\skyscreamer\jsonassert\1.5.1\jsonassert-1.5.1.jar;C:\Users\mjedli\.m2\repository\com\vaadin\external\google\android-json\0.0.20131108.vaadin1\android-json-0.0.20131108.vaadin1.jar;C:\Users\mjedli\.m2\repository\org\springframework\spring-test\6.0.2\spring-test-6.0.2.jar;C:\Users\mjedli\.m2\repository\org\xmlunit\xmlunit-core\2.9.0\xmlunit-core-2.9.0.jar;C:\Users\mjedli\.m2\repository\org\springframework\batch\spring-batch-test\5.0.0\spring-batch-test-5.0.0.jar;C:\Users\mjedli\.m2\repository\org\springframework\spring-jdbc\6.0.2\spring-jdbc-6.0.2.jar;C:\Users\mjedli\.m2\repository\commons-io\commons-io\2.11.0\commons-io-2.11.0.jar;"/>
    <property name="java.vm.vendor" value="Oracle Corporation"/>
    <property name="sun.arch.data.model" value="64"/>
    <property name="user.variant" value=""/>
    <property name="java.vendor.url" value="https://java.oracle.com/"/>
    <property name="user.timezone" value="Europe/Paris"/>
    <property name="os.name" value="Windows 10"/>
    <property name="java.vm.specification.version" value="17"/>
    <property name="sun.java.launcher" value="SUN_STANDARD"/>
    <property name="user.country" value="GB"/>
    <property name="sun.boot.library.path" value="C:\Program Files\Java\jdk-17.0.2\bin"/>
    <property name="sun.java.command" value="C:\Users\mjedli\AppData\Local\Temp\surefire18254129621535718158\surefirebooter5710719421628294565.jar C:\Users\mjedli\AppData\Local\Temp\surefire18254129621535718158 2023-02-24T15-48-24_700-jvmRun1 surefire18014839695212208391tmp surefire_0461835384479734795tmp"/>
    <property name="jdk.debug" value="release"/>
    <property name="surefire.test.class.path" value="D:\Developer\workspace-j17\gs-batch-processing\complete\target\test-classes;D:\Developer\workspace-j17\gs-batch-processing\complete\target\classes;C:\Users\mjedli\.m2\repository\org\springframework\boot\spring-boot-starter-batch\3.0.0\spring-boot-starter-batch-3.0.0.jar;C:\Users\mjedli\.m2\repository\org\springframework\boot\spring-boot-starter\3.0.0\spring-boot-starter-3.0.0.jar;C:\Users\mjedli\.m2\repository\org\springframework\boot\spring-boot\3.0.0\spring-boot-3.0.0.jar;C:\Users\mjedli\.m2\repository\org\springframework\boot\spring-boot-autoconfigure\3.0.0\spring-boot-autoconfigure-3.0.0.jar;C:\Users\mjedli\.m2\repository\org\springframework\boot\spring-boot-starter-logging\3.0.0\spring-boot-starter-logging-3.0.0.jar;C:\Users\mjedli\.m2\repository\ch\qos\logback\logback-classic\1.4.5\logback-classic-1.4.5.jar;C:\Users\mjedli\.m2\repository\ch\qos\logback\logback-core\1.4.5\logback-core-1.4.5.jar;C:\Users\mjedli\.m2\repository\org\apache\logging\log4j\log4j-to-slf4j\2.19.0\log4j-to-slf4j-2.19.0.jar;C:\Users\mjedli\.m2\repository\org\apache\logging\log4j\log4j-api\2.19.0\log4j-api-2.19.0.jar;C:\Users\mjedli\.m2\repository\org\slf4j\jul-to-slf4j\2.0.4\jul-to-slf4j-2.0.4.jar;C:\Users\mjedli\.m2\repository\jakarta\annotation\jakarta.annotation-api\2.1.1\jakarta.annotation-api-2.1.1.jar;C:\Users\mjedli\.m2\repository\org\yaml\snakeyaml\1.33\snakeyaml-1.33.jar;C:\Users\mjedli\.m2\repository\org\springframework\boot\spring-boot-starter-jdbc\3.0.0\spring-boot-starter-jdbc-3.0.0.jar;C:\Users\mjedli\.m2\repository\com\zaxxer\HikariCP\5.0.1\HikariCP-5.0.1.jar;C:\Users\mjedli\.m2\repository\org\springframework\batch\spring-batch-core\5.0.0\spring-batch-core-5.0.0.jar;C:\Users\mjedli\.m2\repository\org\springframework\batch\spring-batch-infrastructure\5.0.0\spring-batch-infrastructure-5.0.0.jar;C:\Users\mjedli\.m2\repository\org\springframework\retry\spring-retry\2.0.0\spring-retry-2.0.0.jar;C:\Users\mjedli\.m2\repository\org\springframework\spring-aop\6.0.2\spring-aop-6.0.2.jar;C:\Users\mjedli\.m2\repository\org\springframework\spring-context\6.0.2\spring-context-6.0.2.jar;C:\Users\mjedli\.m2\repository\org\springframework\spring-expression\6.0.2\spring-expression-6.0.2.jar;C:\Users\mjedli\.m2\repository\org\springframework\spring-tx\6.0.2\spring-tx-6.0.2.jar;C:\Users\mjedli\.m2\repository\io\micrometer\micrometer-core\1.10.2\micrometer-core-1.10.2.jar;C:\Users\mjedli\.m2\repository\io\micrometer\micrometer-commons\1.10.2\micrometer-commons-1.10.2.jar;C:\Users\mjedli\.m2\repository\org\hdrhistogram\HdrHistogram\2.1.12\HdrHistogram-2.1.12.jar;C:\Users\mjedli\.m2\repository\org\latencyutils\LatencyUtils\2.0.3\LatencyUtils-2.0.3.jar;C:\Users\mjedli\.m2\repository\io\micrometer\micrometer-observation\1.10.2\micrometer-observation-1.10.2.jar;C:\Users\mjedli\.m2\repository\org\springframework\spring-oxm\5.3.0\spring-oxm-5.3.0.jar;C:\Users\mjedli\.m2\repository\org\springframework\spring-beans\6.0.2\spring-beans-6.0.2.jar;C:\Users\mjedli\.m2\repository\org\springframework\spring-core\6.0.2\spring-core-6.0.2.jar;C:\Users\mjedli\.m2\repository\org\springframework\spring-jcl\6.0.2\spring-jcl-6.0.2.jar;C:\Users\mjedli\.m2\repository\com\sun\xml\bind\jaxb-core\2.3.0.1\jaxb-core-2.3.0.1.jar;C:\Users\mjedli\.m2\repository\javax\xml\bind\jaxb-api\2.3.1\jaxb-api-2.3.1.jar;C:\Users\mjedli\.m2\repository\javax\activation\javax.activation-api\1.2.0\javax.activation-api-1.2.0.jar;C:\Users\mjedli\.m2\repository\com\sun\xml\bind\jaxb-impl\2.3.1\jaxb-impl-2.3.1.jar;C:\Users\mjedli\.m2\repository\org\hsqldb\hsqldb\2.7.1\hsqldb-2.7.1.jar;C:\Users\mjedli\.m2\repository\org\springframework\boot\spring-boot-starter-test\3.0.0\spring-boot-starter-test-3.0.0.jar;C:\Users\mjedli\.m2\repository\org\springframework\boot\spring-boot-test\3.0.0\spring-boot-test-3.0.0.jar;C:\Users\mjedli\.m2\repository\org\springframework\boot\spring-boot-test-autoconfigure\3.0.0\spring-boot-test-autoconfigure-3.0.0.jar;C:\Users\mjedli\.m2\repository\com\jayway\jsonpath\json-path\2.7.0\json-path-2.7.0.jar;C:\Users\mjedli\.m2\repository\net\minidev\json-smart\2.4.8\json-smart-2.4.8.jar;C:\Users\mjedli\.m2\repository\net\minidev\accessors-smart\2.4.8\accessors-smart-2.4.8.jar;C:\Users\mjedli\.m2\repository\org\ow2\asm\asm\9.1\asm-9.1.jar;C:\Users\mjedli\.m2\repository\org\slf4j\slf4j-api\2.0.4\slf4j-api-2.0.4.jar;C:\Users\mjedli\.m2\repository\jakarta\xml\bind\jakarta.xml.bind-api\4.0.0\jakarta.xml.bind-api-4.0.0.jar;C:\Users\mjedli\.m2\repository\jakarta\activation\jakarta.activation-api\2.1.0\jakarta.activation-api-2.1.0.jar;C:\Users\mjedli\.m2\repository\org\assertj\assertj-core\3.23.1\assertj-core-3.23.1.jar;C:\Users\mjedli\.m2\repository\net\bytebuddy\byte-buddy\1.12.19\byte-buddy-1.12.19.jar;C:\Users\mjedli\.m2\repository\org\hamcrest\hamcrest\2.2\hamcrest-2.2.jar;C:\Users\mjedli\.m2\repository\org\junit\jupiter\junit-jupiter\5.9.1\junit-jupiter-5.9.1.jar;C:\Users\mjedli\.m2\repository\org\junit\jupiter\junit-jupiter-api\5.9.1\junit-jupiter-api-5.9.1.jar;C:\Users\mjedli\.m2\repository\org\opentest4j\opentest4j\1.2.0\opentest4j-1.2.0.jar;C:\Users\mjedli\.m2\repository\org\junit\platform\junit-platform-commons\1.9.1\junit-platform-commons-1.9.1.jar;C:\Users\mjedli\.m2\repository\org\apiguardian\apiguardian-api\1.1.2\apiguardian-api-1.1.2.jar;C:\Users\mjedli\.m2\repository\org\junit\jupiter\junit-jupiter-params\5.9.1\junit-jupiter-params-5.9.1.jar;C:\Users\mjedli\.m2\repository\org\junit\jupiter\junit-jupiter-engine\5.9.1\junit-jupiter-engine-5.9.1.jar;C:\Users\mjedli\.m2\repository\org\junit\platform\junit-platform-engine\1.9.1\junit-platform-engine-1.9.1.jar;C:\Users\mjedli\.m2\repository\org\mockito\mockito-core\4.8.1\mockito-core-4.8.1.jar;C:\Users\mjedli\.m2\repository\net\bytebuddy\byte-buddy-agent\1.12.19\byte-buddy-agent-1.12.19.jar;C:\Users\mjedli\.m2\repository\org\objenesis\objenesis\3.2\objenesis-3.2.jar;C:\Users\mjedli\.m2\repository\org\mockito\mockito-junit-jupiter\4.8.1\mockito-junit-jupiter-4.8.1.jar;C:\Users\mjedli\.m2\repository\org\skyscreamer\jsonassert\1.5.1\jsonassert-1.5.1.jar;C:\Users\mjedli\.m2\repository\com\vaadin\external\google\android-json\0.0.20131108.vaadin1\android-json-0.0.20131108.vaadin1.jar;C:\Users\mjedli\.m2\repository\org\springframework\spring-test\6.0.2\spring-test-6.0.2.jar;C:\Users\mjedli\.m2\repository\org\xmlunit\xmlunit-core\2.9.0\xmlunit-core-2.9.0.jar;C:\Users\mjedli\.m2\repository\org\springframework\batch\spring-batch-test\5.0.0\spring-batch-test-5.0.0.jar;C:\Users\mjedli\.m2\repository\org\springframework\spring-jdbc\6.0.2\spring-jdbc-6.0.2.jar;C:\Users\mjedli\.m2\repository\commons-io\commons-io\2.11.0\commons-io-2.11.0.jar;"/>
    <property name="sun.cpu.endian" value="little"/>
    <property name="user.home" value="C:\Users\mjedli"/>
    <property name="user.language" value="en"/>
    <property name="java.specification.vendor" value="Oracle Corporation"/>
    <property name="java.version.date" value="2022-01-18"/>
    <property name="java.home" value="C:\Program Files\Java\jdk-17.0.2"/>
    <property name="file.separator" value="\"/>
    <property name="basedir" value="D:\Developer\workspace-j17\gs-batch-processing\complete"/>
    <property name="java.vm.compressedOopsMode" value="Zero based"/>
    <property name="line.separator" value="&#10;"/>
    <property name="java.vm.specification.vendor" value="Oracle Corporation"/>
    <property name="java.specification.name" value="Java Platform API Specification"/>
    <property name="surefire.real.class.path" value="C:\Users\mjedli\AppData\Local\Temp\surefire18254129621535718158\surefirebooter5710719421628294565.jar"/>
    <property name="user.script" value=""/>
    <property name="sun.management.compiler" value="HotSpot 64-Bit Tiered Compilers"/>
    <property name="java.runtime.version" value="17.0.2+8-LTS-86"/>
    <property name="user.name" value="mjedli"/>
    <property name="path.separator" value=";"/>
    <property name="os.version" value="10.0"/>
    <property name="java.runtime.name" value="Java(TM) SE Runtime Environment"/>
    <property name="file.encoding" value="Cp1252"/>
    <property name="java.vm.name" value="Java HotSpot(TM) 64-Bit Server VM"/>
    <property name="localRepository" value="C:\Users\mjedli\.m2\repository"/>
    <property name="java.vendor.url.bug" value="https://bugreport.java.com/bugreport/"/>
    <property name="java.io.tmpdir" value="C:\Users\mjedli\AppData\Local\Temp\"/>
    <property name="java.version" value="17.0.2"/>
    <property name="user.dir" value="D:\Developer\workspace-j17\gs-batch-processing\complete"/>
    <property name="os.arch" value="amd64"/>
    <property name="java.vm.specification.name" value="Java Virtual Machine Specification"/>
    <property name="sun.os.patch.level" value=""/>
    <property name="native.encoding" value="Cp1252"/>
    <property name="java.library.path" value="C:\Program Files\Java\jdk-17.0.2\bin;C:\WINDOWS\Sun\Java\bin;C:\WINDOWS\system32;C:\WINDOWS;C:\Program Files\Common Files\Oracle\Java\javapath;C:\Program Files (x86)\Intel\iCLS Client\;C:\Program Files\Intel\iCLS Client\;C:\Program Files (x86)\Common Files\Oracle\Java\javapath;C:\WINDOWS\system32;C:\WINDOWS;C:\WINDOWS\System32\Wbem;C:\WINDOWS\System32\WindowsPowerShell\v1.0\;C:\WINDOWS\System32\OpenSSH\;C:\Program Files (x86)\NVIDIA Corporation\PhysX\Common;C:\Program Files\NVIDIA Corporation\NVIDIA NvDLISR;C:\WINDOWS\system32;C:\WINDOWS;C:\WINDOWS\System32\Wbem;C:\WINDOWS\System32\WindowsPowerShell\v1.0\;C:\WINDOWS\System32\OpenSSH\;C:\Program Files (x86)\Intel\Intel(R) Management Engine Components\DAL;C:\Program Files\Intel\Intel(R) Management Engine Components\DAL;C:\Program Files (x86)\Intel\Intel(R) Management Engine Components\IPT;C:\Program Files\Intel\Intel(R) Management Engine Components\IPT;C:\Program Files\Intel\WiFi\bin\;C:\Program Files\Common Files\Intel\WirelessCommon\;D:\Developer\server\nodejs 12.16.2\;C:\Program Files\Java\jdk-17.0.2\\bin;D:\Developer\apache-maven-3.6.3-bin\apache-maven-3.6.3\bin;C:\Users\mjedli\android-sdks;C:\Users\mjedli\android-sdks;C:\Users\mjedli\.android\avd;C:\Users\mjedli\.android;D:\Developer\server\flutter\flutter_windows_2.8.1-stable\flutter\bin;C:\Program Files (x86)\Windows Live\Shared;C:\Program Files\dotnet\;C:\Users\mjedli\AppData\Local\Microsoft\WindowsApps;D:\Developer\Microsoft VS Code\bin;C:\Users\mjedli\AppData\Roaming\npm;."/>
    <property name="java.vm.info" value="mixed mode, sharing"/>
    <property name="java.vendor" value="Oracle Corporation"/>
    <property name="java.vm.version" value="17.0.2+8-LTS-86"/>
    <property name="sun.io.unicode.encoding" value="UnicodeLittle"/>
    <property name="java.class.version" value="61.0"/>
  </properties>
  <testcase name="testJob{Job}" classname="com.example.batchprocessing.BatchConfigurationTest" time="0.292">
    <error message="org/junit/Assert" type="java.lang.NoClassDefFoundError">java.lang.NoClassDefFoundError: org/junit/Assert
	at com.example.batchprocessing.BatchConfigurationTest.testJob(BatchConfigurationTest.java:55)
Caused by: java.lang.ClassNotFoundException: org.junit.Assert
	at com.example.batchprocessing.BatchConfigurationTest.testJob(BatchConfigurationTest.java:55)
</error>
    <system-out><![CDATA[2023-02-24T15:48:45.379+01:00  INFO 16100 --- [           main] t.c.s.AnnotationConfigContextLoaderUtils : Could not detect default configuration classes for test class [com.example.batchprocessing.BatchConfigurationTest]: BatchConfigurationTest does not declare any static, non-private, non-final, nested classes annotated with @Configuration.
2023-02-24T15:48:45.387+01:00  INFO 16100 --- [           main] .b.t.c.SpringBootTestContextBootstrapper : Found @SpringBootConfiguration com.example.batchprocessing.BatchProcessingApplication for test class com.example.batchprocessing.BatchConfigurationTest
2023-02-24T15:48:45.461+01:00  INFO 16100 --- [           main] o.s.b.c.l.support.SimpleJobLauncher      : Job: [SimpleJob: [name=importUserJob]] launched with the following parameters: [{'random':'{value=-8429727815257080053, type=class java.lang.Long, identifying=true}'}]
2023-02-24T15:48:45.494+01:00  INFO 16100 --- [           main] o.s.batch.core.job.SimpleStepHandler     : Executing step: [step1]
2023-02-24T15:48:45.504+01:00  INFO 16100 --- [           main] c.e.batchprocessing.PersonItemProcessor  : Converting (firstName: Justin, lastName: Doe) into (firstName: JUSTIN, lastName: DOE)
2023-02-24T15:48:45.504+01:00  INFO 16100 --- [           main] c.e.batchprocessing.PersonItemProcessor  : Converting (firstName: Jane, lastName: Doe) into (firstName: JANE, lastName: DOE)
2023-02-24T15:48:45.504+01:00  INFO 16100 --- [           main] c.e.batchprocessing.PersonItemProcessor  : Converting (firstName: John, lastName: Doe) into (firstName: JOHN, lastName: DOE)
2023-02-24T15:48:45.512+01:00  INFO 16100 --- [           main] o.s.batch.core.step.AbstractStep         : Step: [step1] executed in 16ms
2023-02-24T15:48:45.524+01:00  INFO 16100 --- [           main] o.s.batch.core.job.SimpleStepHandler     : Executing step: [step2]
2023-02-24T15:48:45.542+01:00  INFO 16100 --- [           main] c.e.b.PersonXmltemProcessor              : Converting (firstName: Jill, lastName: Doe) into (firstName: Jill, lastName: Doe)
2023-02-24T15:48:45.542+01:00  INFO 16100 --- [           main] c.e.b.PersonXmltemProcessor              : Converting (firstName: Joe, lastName: Doe) into (firstName: Joe, lastName: Doe)
2023-02-24T15:48:45.543+01:00  INFO 16100 --- [           main] c.e.b.PersonXmltemProcessor              : Converting (firstName: Justin, lastName: Doe) into (firstName: Justin, lastName: Doe)
2023-02-24T15:48:45.543+01:00  INFO 16100 --- [           main] c.e.b.PersonXmltemProcessor              : Converting (firstName: Jane, lastName: Doe) into (firstName: Jane, lastName: Doe)
2023-02-24T15:48:45.544+01:00  INFO 16100 --- [           main] c.e.b.PersonXmltemProcessor              : Converting (firstName: John, lastName: Doe) into (firstName: John, lastName: Doe)
2023-02-24T15:48:45.558+01:00  INFO 16100 --- [           main] o.s.batch.core.step.AbstractStep         : Step: [step2] executed in 33ms
2023-02-24T15:48:45.570+01:00  INFO 16100 --- [           main] c.e.b.JobCompletionNotificationListener  : !!! JOB FINISHED! Time to verify the results
2023-02-24T15:48:45.571+01:00  INFO 16100 --- [           main] c.e.b.JobCompletionNotificationListener  : Found <{firstName: JILL, lastName: DOE}> in the database.
2023-02-24T15:48:45.572+01:00  INFO 16100 --- [           main] c.e.b.JobCompletionNotificationListener  : Found <{firstName: JOE, lastName: DOE}> in the database.
2023-02-24T15:48:45.572+01:00  INFO 16100 --- [           main] c.e.b.JobCompletionNotificationListener  : Found <{firstName: JUSTIN, lastName: DOE}> in the database.
2023-02-24T15:48:45.573+01:00  INFO 16100 --- [           main] c.e.b.JobCompletionNotificationListener  : Found <{firstName: JANE, lastName: DOE}> in the database.
2023-02-24T15:48:45.573+01:00  INFO 16100 --- [           main] c.e.b.JobCompletionNotificationListener  : Found <{firstName: JOHN, lastName: DOE}> in the database.
2023-02-24T15:48:45.573+01:00  INFO 16100 --- [           main] c.e.b.JobCompletionNotificationListener  : Found <{firstName: JUSTIN, lastName: DOE}> in the database.
2023-02-24T15:48:45.573+01:00  INFO 16100 --- [           main] c.e.b.JobCompletionNotificationListener  : Found <{firstName: JANE, lastName: DOE}> in the database.
2023-02-24T15:48:45.573+01:00  INFO 16100 --- [           main] c.e.b.JobCompletionNotificationListener  : Found <{firstName: JOHN, lastName: DOE}> in the database.
2023-02-24T15:48:45.579+01:00  INFO 16100 --- [           main] o.s.b.c.l.support.SimpleJobLauncher      : Job: [SimpleJob: [name=importUserJob]] completed with the following parameters: [{'random':'{value=-8429727815257080053, type=class java.lang.Long, identifying=true}'}] and the following status: [COMPLETED] in 106ms
]]></system-out>
  </testcase>
  <testcase name="testJobStep1" classname="com.example.batchprocessing.BatchConfigurationTest" time="0.119">
    <error message="org/junit/Assert" type="java.lang.NoClassDefFoundError">java.lang.NoClassDefFoundError: org/junit/Assert
	at com.example.batchprocessing.BatchConfigurationTest.testJobStep1(BatchConfigurationTest.java:62)
Caused by: java.lang.ClassNotFoundException: org.junit.Assert
	at com.example.batchprocessing.BatchConfigurationTest.testJobStep1(BatchConfigurationTest.java:62)
</error>
    <system-out><![CDATA[2023-02-24T15:48:45.610+01:00  INFO 16100 --- [           main] o.s.b.c.l.support.SimpleJobLauncher      : Job: [SimpleJob: [name=TestJob]] launched with the following parameters: [{'random':'{value=8437701341195655353, type=class java.lang.Long, identifying=true}'}]
2023-02-24T15:48:45.622+01:00  INFO 16100 --- [           main] o.s.batch.core.job.SimpleStepHandler     : Executing step: [step1]
2023-02-24T15:48:45.634+01:00  INFO 16100 --- [           main] c.e.batchprocessing.PersonItemProcessor  : Converting (firstName: Jill, lastName: Doe) into (firstName: JILL, lastName: DOE)
2023-02-24T15:48:45.635+01:00  INFO 16100 --- [           main] c.e.batchprocessing.PersonItemProcessor  : Converting (firstName: Joe, lastName: Doe) into (firstName: JOE, lastName: DOE)
2023-02-24T15:48:45.635+01:00  INFO 16100 --- [           main] c.e.batchprocessing.PersonItemProcessor  : Converting (firstName: Justin, lastName: Doe) into (firstName: JUSTIN, lastName: DOE)
2023-02-24T15:48:45.635+01:00  INFO 16100 --- [           main] c.e.batchprocessing.PersonItemProcessor  : Converting (firstName: Jane, lastName: Doe) into (firstName: JANE, lastName: DOE)
2023-02-24T15:48:45.635+01:00  INFO 16100 --- [           main] c.e.batchprocessing.PersonItemProcessor  : Converting (firstName: John, lastName: Doe) into (firstName: JOHN, lastName: DOE)
2023-02-24T15:48:45.649+01:00  INFO 16100 --- [           main] o.s.batch.core.step.AbstractStep         : Step: [step1] executed in 26ms
2023-02-24T15:48:45.660+01:00  INFO 16100 --- [           main] o.s.b.c.l.support.SimpleJobLauncher      : Job: [SimpleJob: [name=TestJob]] completed with the following parameters: [{'random':'{value=8437701341195655353, type=class java.lang.Long, identifying=true}'}] and the following status: [COMPLETED] in 40ms
]]></system-out>
  </testcase>
  <testcase name="testJobStep2" classname="com.example.batchprocessing.BatchConfigurationTest" time="0.346">
    <error message="org/junit/Assert" type="java.lang.NoClassDefFoundError">java.lang.NoClassDefFoundError: org/junit/Assert
	at com.example.batchprocessing.BatchConfigurationTest.testJobStep2(BatchConfigurationTest.java:68)
Caused by: java.lang.ClassNotFoundException: org.junit.Assert
	at com.example.batchprocessing.BatchConfigurationTest.testJobStep2(BatchConfigurationTest.java:68)
</error>
    <system-out><![CDATA[2023-02-24T15:48:45.693+01:00  INFO 16100 --- [           main] o.s.b.c.l.support.SimpleJobLauncher      : Job: [SimpleJob: [name=TestJob]] launched with the following parameters: [{'random':'{value=3207919161670665275, type=class java.lang.Long, identifying=true}'}]
2023-02-24T15:48:45.709+01:00  INFO 16100 --- [           main] o.s.batch.core.job.SimpleStepHandler     : Executing step: [step2]
2023-02-24T15:48:45.730+01:00  INFO 16100 --- [           main] c.e.b.PersonXmltemProcessor              : Converting (firstName: Jill, lastName: Doe) into (firstName: Jill, lastName: Doe)
2023-02-24T15:48:45.732+01:00  INFO 16100 --- [           main] c.e.b.PersonXmltemProcessor              : Converting (firstName: Joe, lastName: Doe) into (firstName: Joe, lastName: Doe)
2023-02-24T15:48:45.732+01:00  INFO 16100 --- [           main] c.e.b.PersonXmltemProcessor              : Converting (firstName: Justin, lastName: Doe) into (firstName: Justin, lastName: Doe)
2023-02-24T15:48:45.733+01:00  INFO 16100 --- [           main] c.e.b.PersonXmltemProcessor              : Converting (firstName: Jane, lastName: Doe) into (firstName: Jane, lastName: Doe)
2023-02-24T15:48:45.734+01:00  INFO 16100 --- [           main] c.e.b.PersonXmltemProcessor              : Converting (firstName: John, lastName: Doe) into (firstName: John, lastName: Doe)
2023-02-24T15:48:45.745+01:00  INFO 16100 --- [           main] o.s.batch.core.step.AbstractStep         : Step: [step2] executed in 35ms
2023-02-24T15:48:45.754+01:00  INFO 16100 --- [           main] o.s.b.c.l.support.SimpleJobLauncher      : Job: [SimpleJob: [name=TestJob]] completed with the following parameters: [{'random':'{value=3207919161670665275, type=class java.lang.Long, identifying=true}'}] and the following status: [COMPLETED] in 54ms
]]></system-out>
  </testcase>
  <testcase name="testAfterStep" classname="com.example.batchprocessing.BatchConfigurationTest" time="0">
    <error message="org/junit/Assert" type="java.lang.NoClassDefFoundError">java.lang.NoClassDefFoundError: org/junit/Assert
	at com.example.batchprocessing.BatchConfigurationTest.testAfterStep(BatchConfigurationTest.java:81)
Caused by: java.lang.ClassNotFoundException: org.junit.Assert
	at com.example.batchprocessing.BatchConfigurationTest.testAfterStep(BatchConfigurationTest.java:81)
</error>
  </testcase>
</testsuite>