<?xml version="1.0" encoding="UTF-8"?>
<testsuite xmlns:xsi="http://www.w3.org/2001/XMLSchema-instance" xsi:noNamespaceSchemaLocation="https://maven.apache.org/surefire/maven-surefire-plugin/xsd/surefire-test-report.xsd" name="com.example.batchprocessing.BatchConfigurationReaderTest" time="6.49" tests="2" errors="2" skipped="0" failures="0">
  <properties>
    <property name="java.specification.version" value="17"/>
    <property name="sun.cpu.isalist" value="amd64"/>
    <property name="sun.jnu.encoding" value="Cp1252"/>
    <property name="java.class.path" value="D:\Developer\workspace-j17\gs-batch-processing\complete\target\test-classes;D:\Developer\workspace-j17\gs-batch-processing\complete\target\classes;C:\Users\mjedli\.m2\repository\org\springframework\boot\spring-boot-starter-batch\3.0.0\spring-boot-starter-batch-3.0.0.jar;C:\Users\mjedli\.m2\repository\org\springframework\boot\spring-boot-starter\3.0.0\spring-boot-starter-3.0.0.jar;C:\Users\mjedli\.m2\repository\org\springframework\boot\spring-boot\3.0.0\spring-boot-3.0.0.jar;C:\Users\mjedli\.m2\repository\org\springframework\boot\spring-boot-autoconfigure\3.0.0\spring-boot-autoconfigure-3.0.0.jar;C:\Users\mjedli\.m2\repository\org\springframework\boot\spring-boot-starter-logging\3.0.0\spring-boot-starter-logging-3.0.0.jar;C:\Users\mjedli\.m2\repository\ch\qos\logback\logback-classic\1.4.5\logback-classic-1.4.5.jar;C:\Users\mjedli\.m2\repository\ch\qos\logback\logback-core\1.4.5\logback-core-1.4.5.jar;C:\Users\mjedli\.m2\repository\org\apache\logging\log4j\log4j-to-slf4j\2.19.0\log4j-to-slf4j-2.19.0.jar;C:\Users\mjedli\.m2\repository\org\apache\logging\log4j\log4j-api\2.19.0\log4j-api-2.19.0.jar;C:\Users\mjedli\.m2\repository\org\slf4j\jul-to-slf4j\2.0.4\jul-to-slf4j-2.0.4.jar;C:\Users\mjedli\.m2\repository\jakarta\annotation\jakarta.annotation-api\2.1.1\jakarta.annotation-api-2.1.1.jar;C:\Users\mjedli\.m2\repository\org\yaml\snakeyaml\1.33\snakeyaml-1.33.jar;C:\Users\mjedli\.m2\repository\org\springframework\boot\spring-boot-starter-jdbc\3.0.0\spring-boot-starter-jdbc-3.0.0.jar;C:\Users\mjedli\.m2\repository\com\zaxxer\HikariCP\5.0.1\HikariCP-5.0.1.jar;C:\Users\mjedli\.m2\repository\org\springframework\batch\spring-batch-core\5.0.0\spring-batch-core-5.0.0.jar;C:\Users\mjedli\.m2\repository\org\springframework\batch\spring-batch-infrastructure\5.0.0\spring-batch-infrastructure-5.0.0.jar;C:\Users\mjedli\.m2\repository\org\springframework\retry\spring-retry\2.0.0\spring-retry-2.0.0.jar;C:\Users\mjedli\.m2\repository\org\springframework\spring-aop\6.0.2\spring-aop-6.0.2.jar;C:\Users\mjedli\.m2\repository\org\springframework\spring-context\6.0.2\spring-context-6.0.2.jar;C:\Users\mjedli\.m2\repository\org\springframework\spring-expression\6.0.2\spring-expression-6.0.2.jar;C:\Users\mjedli\.m2\repository\org\springframework\spring-tx\6.0.2\spring-tx-6.0.2.jar;C:\Users\mjedli\.m2\repository\io\micrometer\micrometer-core\1.10.2\micrometer-core-1.10.2.jar;C:\Users\mjedli\.m2\repository\io\micrometer\micrometer-commons\1.10.2\micrometer-commons-1.10.2.jar;C:\Users\mjedli\.m2\repository\org\hdrhistogram\HdrHistogram\2.1.12\HdrHistogram-2.1.12.jar;C:\Users\mjedli\.m2\repository\org\latencyutils\LatencyUtils\2.0.3\LatencyUtils-2.0.3.jar;C:\Users\mjedli\.m2\repository\io\micrometer\micrometer-observation\1.10.2\micrometer-observation-1.10.2.jar;C:\Users\mjedli\.m2\repository\org\springframework\spring-oxm\5.3.0\spring-oxm-5.3.0.jar;C:\Users\mjedli\.m2\repository\org\springframework\spring-beans\6.0.2\spring-beans-6.0.2.jar;C:\Users\mjedli\.m2\repository\org\springframework\spring-core\6.0.2\spring-core-6.0.2.jar;C:\Users\mjedli\.m2\repository\org\springframework\spring-jcl\6.0.2\spring-jcl-6.0.2.jar;C:\Users\mjedli\.m2\repository\com\sun\xml\bind\jaxb-core\2.3.0.1\jaxb-core-2.3.0.1.jar;C:\Users\mjedli\.m2\repository\javax\xml\bind\jaxb-api\2.3.1\jaxb-api-2.3.1.jar;C:\Users\mjedli\.m2\repository\javax\activation\javax.activation-api\1.2.0\javax.activation-api-1.2.0.jar;C:\Users\mjedli\.m2\repository\com\sun\xml\bind\jaxb-impl\2.3.1\jaxb-impl-2.3.1.jar;C:\Users\mjedli\.m2\repository\org\hsqldb\hsqldb\2.7.1\hsqldb-2.7.1.jar;C:\Users\mjedli\.m2\repository\org\springframework\boot\spring-boot-starter-test\3.0.0\spring-boot-starter-test-3.0.0.jar;C:\Users\mjedli\.m2\repository\org\springframework\boot\spring-boot-test\3.0.0\spring-boot-test-3.0.0.jar;C:\Users\mjedli\.m2\repository\org\springframework\boot\spring-boot-test-autoconfigure\3.0.0\spring-boot-test-autoconfigure-3.0.0.jar;C:\Users\mjedli\.m2\repository\com\jayway\jsonpath\json-path\2.7.0\json-path-2.7.0.jar;C:\Users\mjedli\.m2\repository\net\minidev\json-smart\2.4.8\json-smart-2.4.8.jar;C:\Users\mjedli\.m2\repository\net\minidev\accessors-smart\2.4.8\accessors-smart-2.4.8.jar;C:\Users\mjedli\.m2\repository\org\ow2\asm\asm\9.1\asm-9.1.jar;C:\Users\mjedli\.m2\repository\org\slf4j\slf4j-api\2.0.4\slf4j-api-2.0.4.jar;C:\Users\mjedli\.m2\repository\jakarta\xml\bind\jakarta.xml.bind-api\4.0.0\jakarta.xml.bind-api-4.0.0.jar;C:\Users\mjedli\.m2\repository\jakarta\activation\jakarta.activation-api\2.1.0\jakarta.activation-api-2.1.0.jar;C:\Users\mjedli\.m2\repository\org\assertj\assertj-core\3.23.1\assertj-core-3.23.1.jar;C:\Users\mjedli\.m2\repository\net\bytebuddy\byte-buddy\1.12.19\byte-buddy-1.12.19.jar;C:\Users\mjedli\.m2\repository\org\hamcrest\hamcrest\2.2\hamcrest-2.2.jar;C:\Users\mjedli\.m2\repository\org\junit\jupiter\junit-jupiter\5.9.1\junit-jupiter-5.9.1.jar;C:\Users\mjedli\.m2\repository\org\junit\jupiter\junit-jupiter-api\5.9.1\junit-jupiter-api-5.9.1.jar;C:\Users\mjedli\.m2\repository\org\opentest4j\opentest4j\1.2.0\opentest4j-1.2.0.jar;C:\Users\mjedli\.m2\repository\org\junit\platform\junit-platform-commons\1.9.1\junit-platform-commons-1.9.1.jar;C:\Users\mjedli\.m2\repository\org\apiguardian\apiguardian-api\1.1.2\apiguardian-api-1.1.2.jar;C:\Users\mjedli\.m2\repository\org\junit\jupiter\junit-jupiter-params\5.9.1\junit-jupiter-params-5.9.1.jar;C:\Users\mjedli\.m2\repository\org\junit\jupiter\junit-jupiter-engine\5.9.1\junit-jupiter-engine-5.9.1.jar;C:\Users\mjedli\.m2\repository\org\junit\platform\junit-platform-engine\1.9.1\junit-platform-engine-1.9.1.jar;C:\Users\mjedli\.m2\repository\org\mockito\mockito-core\4.8.1\mockito-core-4.8.1.jar;C:\Users\mjedli\.m2\repository\net\bytebuddy\byte-buddy-agent\1.12.19\byte-buddy-agent-1.12.19.jar;C:\Users\mjedli\.m2\repository\org\objenesis\objenesis\3.2\objenesis-3.2.jar;C:\Users\mjedli\.m2\repository\org\mockito\mockito-junit-jupiter\4.8.1\mockito-junit-jupiter-4.8.1.jar;C:\Users\mjedli\.m2\repository\org\skyscreamer\jsonassert\1.5.1\jsonassert-1.5.1.jar;C:\Users\mjedli\.m2\repository\com\vaadin\external\google\android-json\0.0.20131108.vaadin1\android-json-0.0.20131108.vaadin1.jar;C:\Users\mjedli\.m2\repository\org\springframework\spring-test\6.0.2\spring-test-6.0.2.jar;C:\Users\mjedli\.m2\repository\org\xmlunit\xmlunit-core\2.9.0\xmlunit-core-2.9.0.jar;C:\Users\mjedli\.m2\repository\org\springframework\batch\spring-batch-test\5.0.0\spring-batch-test-5.0.0.jar;C:\Users\mjedli\.m2\repository\org\springframework\spring-jdbc\6.0.2\spring-jdbc-6.0.2.jar;C:\Users\mjedli\.m2\repository\commons-io\commons-io\2.11.0\commons-io-2.11.0.jar;"/>
    <property name="java.vm.vendor" value="Oracle Corporation"/>
    <property name="sun.arch.data.model" value="64"/>
    <property name="user.variant" value=""/>
    <property name="java.vendor.url" value="https://java.oracle.com/"/>
    <property name="user.timezone" value="Europe/Paris"/>
    <property name="os.name" value="Windows 10"/>
    <property name="java.vm.specification.version" value="17"/>
    <property name="sun.java.launcher" value="SUN_STANDARD"/>
    <property name="user.country" value="GB"/>
    <property name="sun.boot.library.path" value="C:\Program Files\Java\jdk-17.0.2\bin"/>
    <property name="sun.java.command" value="C:\Users\mjedli\AppData\Local\Temp\surefire18254129621535718158\surefirebooter5710719421628294565.jar C:\Users\mjedli\AppData\Local\Temp\surefire18254129621535718158 2023-02-24T15-48-24_700-jvmRun1 surefire18014839695212208391tmp surefire_0461835384479734795tmp"/>
    <property name="jdk.debug" value="release"/>
    <property name="surefire.test.class.path" value="D:\Developer\workspace-j17\gs-batch-processing\complete\target\test-classes;D:\Developer\workspace-j17\gs-batch-processing\complete\target\classes;C:\Users\mjedli\.m2\repository\org\springframework\boot\spring-boot-starter-batch\3.0.0\spring-boot-starter-batch-3.0.0.jar;C:\Users\mjedli\.m2\repository\org\springframework\boot\spring-boot-starter\3.0.0\spring-boot-starter-3.0.0.jar;C:\Users\mjedli\.m2\repository\org\springframework\boot\spring-boot\3.0.0\spring-boot-3.0.0.jar;C:\Users\mjedli\.m2\repository\org\springframework\boot\spring-boot-autoconfigure\3.0.0\spring-boot-autoconfigure-3.0.0.jar;C:\Users\mjedli\.m2\repository\org\springframework\boot\spring-boot-starter-logging\3.0.0\spring-boot-starter-logging-3.0.0.jar;C:\Users\mjedli\.m2\repository\ch\qos\logback\logback-classic\1.4.5\logback-classic-1.4.5.jar;C:\Users\mjedli\.m2\repository\ch\qos\logback\logback-core\1.4.5\logback-core-1.4.5.jar;C:\Users\mjedli\.m2\repository\org\apache\logging\log4j\log4j-to-slf4j\2.19.0\log4j-to-slf4j-2.19.0.jar;C:\Users\mjedli\.m2\repository\org\apache\logging\log4j\log4j-api\2.19.0\log4j-api-2.19.0.jar;C:\Users\mjedli\.m2\repository\org\slf4j\jul-to-slf4j\2.0.4\jul-to-slf4j-2.0.4.jar;C:\Users\mjedli\.m2\repository\jakarta\annotation\jakarta.annotation-api\2.1.1\jakarta.annotation-api-2.1.1.jar;C:\Users\mjedli\.m2\repository\org\yaml\snakeyaml\1.33\snakeyaml-1.33.jar;C:\Users\mjedli\.m2\repository\org\springframework\boot\spring-boot-starter-jdbc\3.0.0\spring-boot-starter-jdbc-3.0.0.jar;C:\Users\mjedli\.m2\repository\com\zaxxer\HikariCP\5.0.1\HikariCP-5.0.1.jar;C:\Users\mjedli\.m2\repository\org\springframework\batch\spring-batch-core\5.0.0\spring-batch-core-5.0.0.jar;C:\Users\mjedli\.m2\repository\org\springframework\batch\spring-batch-infrastructure\5.0.0\spring-batch-infrastructure-5.0.0.jar;C:\Users\mjedli\.m2\repository\org\springframework\retry\spring-retry\2.0.0\spring-retry-2.0.0.jar;C:\Users\mjedli\.m2\repository\org\springframework\spring-aop\6.0.2\spring-aop-6.0.2.jar;C:\Users\mjedli\.m2\repository\org\springframework\spring-context\6.0.2\spring-context-6.0.2.jar;C:\Users\mjedli\.m2\repository\org\springframework\spring-expression\6.0.2\spring-expression-6.0.2.jar;C:\Users\mjedli\.m2\repository\org\springframework\spring-tx\6.0.2\spring-tx-6.0.2.jar;C:\Users\mjedli\.m2\repository\io\micrometer\micrometer-core\1.10.2\micrometer-core-1.10.2.jar;C:\Users\mjedli\.m2\repository\io\micrometer\micrometer-commons\1.10.2\micrometer-commons-1.10.2.jar;C:\Users\mjedli\.m2\repository\org\hdrhistogram\HdrHistogram\2.1.12\HdrHistogram-2.1.12.jar;C:\Users\mjedli\.m2\repository\org\latencyutils\LatencyUtils\2.0.3\LatencyUtils-2.0.3.jar;C:\Users\mjedli\.m2\repository\io\micrometer\micrometer-observation\1.10.2\micrometer-observation-1.10.2.jar;C:\Users\mjedli\.m2\repository\org\springframework\spring-oxm\5.3.0\spring-oxm-5.3.0.jar;C:\Users\mjedli\.m2\repository\org\springframework\spring-beans\6.0.2\spring-beans-6.0.2.jar;C:\Users\mjedli\.m2\repository\org\springframework\spring-core\6.0.2\spring-core-6.0.2.jar;C:\Users\mjedli\.m2\repository\org\springframework\spring-jcl\6.0.2\spring-jcl-6.0.2.jar;C:\Users\mjedli\.m2\repository\com\sun\xml\bind\jaxb-core\2.3.0.1\jaxb-core-2.3.0.1.jar;C:\Users\mjedli\.m2\repository\javax\xml\bind\jaxb-api\2.3.1\jaxb-api-2.3.1.jar;C:\Users\mjedli\.m2\repository\javax\activation\javax.activation-api\1.2.0\javax.activation-api-1.2.0.jar;C:\Users\mjedli\.m2\repository\com\sun\xml\bind\jaxb-impl\2.3.1\jaxb-impl-2.3.1.jar;C:\Users\mjedli\.m2\repository\org\hsqldb\hsqldb\2.7.1\hsqldb-2.7.1.jar;C:\Users\mjedli\.m2\repository\org\springframework\boot\spring-boot-starter-test\3.0.0\spring-boot-starter-test-3.0.0.jar;C:\Users\mjedli\.m2\repository\org\springframework\boot\spring-boot-test\3.0.0\spring-boot-test-3.0.0.jar;C:\Users\mjedli\.m2\repository\org\springframework\boot\spring-boot-test-autoconfigure\3.0.0\spring-boot-test-autoconfigure-3.0.0.jar;C:\Users\mjedli\.m2\repository\com\jayway\jsonpath\json-path\2.7.0\json-path-2.7.0.jar;C:\Users\mjedli\.m2\repository\net\minidev\json-smart\2.4.8\json-smart-2.4.8.jar;C:\Users\mjedli\.m2\repository\net\minidev\accessors-smart\2.4.8\accessors-smart-2.4.8.jar;C:\Users\mjedli\.m2\repository\org\ow2\asm\asm\9.1\asm-9.1.jar;C:\Users\mjedli\.m2\repository\org\slf4j\slf4j-api\2.0.4\slf4j-api-2.0.4.jar;C:\Users\mjedli\.m2\repository\jakarta\xml\bind\jakarta.xml.bind-api\4.0.0\jakarta.xml.bind-api-4.0.0.jar;C:\Users\mjedli\.m2\repository\jakarta\activation\jakarta.activation-api\2.1.0\jakarta.activation-api-2.1.0.jar;C:\Users\mjedli\.m2\repository\org\assertj\assertj-core\3.23.1\assertj-core-3.23.1.jar;C:\Users\mjedli\.m2\repository\net\bytebuddy\byte-buddy\1.12.19\byte-buddy-1.12.19.jar;C:\Users\mjedli\.m2\repository\org\hamcrest\hamcrest\2.2\hamcrest-2.2.jar;C:\Users\mjedli\.m2\repository\org\junit\jupiter\junit-jupiter\5.9.1\junit-jupiter-5.9.1.jar;C:\Users\mjedli\.m2\repository\org\junit\jupiter\junit-jupiter-api\5.9.1\junit-jupiter-api-5.9.1.jar;C:\Users\mjedli\.m2\repository\org\opentest4j\opentest4j\1.2.0\opentest4j-1.2.0.jar;C:\Users\mjedli\.m2\repository\org\junit\platform\junit-platform-commons\1.9.1\junit-platform-commons-1.9.1.jar;C:\Users\mjedli\.m2\repository\org\apiguardian\apiguardian-api\1.1.2\apiguardian-api-1.1.2.jar;C:\Users\mjedli\.m2\repository\org\junit\jupiter\junit-jupiter-params\5.9.1\junit-jupiter-params-5.9.1.jar;C:\Users\mjedli\.m2\repository\org\junit\jupiter\junit-jupiter-engine\5.9.1\junit-jupiter-engine-5.9.1.jar;C:\Users\mjedli\.m2\repository\org\junit\platform\junit-platform-engine\1.9.1\junit-platform-engine-1.9.1.jar;C:\Users\mjedli\.m2\repository\org\mockito\mockito-core\4.8.1\mockito-core-4.8.1.jar;C:\Users\mjedli\.m2\repository\net\bytebuddy\byte-buddy-agent\1.12.19\byte-buddy-agent-1.12.19.jar;C:\Users\mjedli\.m2\repository\org\objenesis\objenesis\3.2\objenesis-3.2.jar;C:\Users\mjedli\.m2\repository\org\mockito\mockito-junit-jupiter\4.8.1\mockito-junit-jupiter-4.8.1.jar;C:\Users\mjedli\.m2\repository\org\skyscreamer\jsonassert\1.5.1\jsonassert-1.5.1.jar;C:\Users\mjedli\.m2\repository\com\vaadin\external\google\android-json\0.0.20131108.vaadin1\android-json-0.0.20131108.vaadin1.jar;C:\Users\mjedli\.m2\repository\org\springframework\spring-test\6.0.2\spring-test-6.0.2.jar;C:\Users\mjedli\.m2\repository\org\xmlunit\xmlunit-core\2.9.0\xmlunit-core-2.9.0.jar;C:\Users\mjedli\.m2\repository\org\springframework\batch\spring-batch-test\5.0.0\spring-batch-test-5.0.0.jar;C:\Users\mjedli\.m2\repository\org\springframework\spring-jdbc\6.0.2\spring-jdbc-6.0.2.jar;C:\Users\mjedli\.m2\repository\commons-io\commons-io\2.11.0\commons-io-2.11.0.jar;"/>
    <property name="sun.cpu.endian" value="little"/>
    <property name="user.home" value="C:\Users\mjedli"/>
    <property name="user.language" value="en"/>
    <property name="java.specification.vendor" value="Oracle Corporation"/>
    <property name="java.version.date" value="2022-01-18"/>
    <property name="java.home" value="C:\Program Files\Java\jdk-17.0.2"/>
    <property name="file.separator" value="\"/>
    <property name="basedir" value="D:\Developer\workspace-j17\gs-batch-processing\complete"/>
    <property name="java.vm.compressedOopsMode" value="Zero based"/>
    <property name="line.separator" value="&#10;"/>
    <property name="java.vm.specification.vendor" value="Oracle Corporation"/>
    <property name="java.specification.name" value="Java Platform API Specification"/>
    <property name="surefire.real.class.path" value="C:\Users\mjedli\AppData\Local\Temp\surefire18254129621535718158\surefirebooter5710719421628294565.jar"/>
    <property name="user.script" value=""/>
    <property name="sun.management.compiler" value="HotSpot 64-Bit Tiered Compilers"/>
    <property name="java.runtime.version" value="17.0.2+8-LTS-86"/>
    <property name="user.name" value="mjedli"/>
    <property name="path.separator" value=";"/>
    <property name="os.version" value="10.0"/>
    <property name="java.runtime.name" value="Java(TM) SE Runtime Environment"/>
    <property name="file.encoding" value="Cp1252"/>
    <property name="java.vm.name" value="Java HotSpot(TM) 64-Bit Server VM"/>
    <property name="localRepository" value="C:\Users\mjedli\.m2\repository"/>
    <property name="java.vendor.url.bug" value="https://bugreport.java.com/bugreport/"/>
    <property name="java.io.tmpdir" value="C:\Users\mjedli\AppData\Local\Temp\"/>
    <property name="java.version" value="17.0.2"/>
    <property name="user.dir" value="D:\Developer\workspace-j17\gs-batch-processing\complete"/>
    <property name="os.arch" value="amd64"/>
    <property name="java.vm.specification.name" value="Java Virtual Machine Specification"/>
    <property name="sun.os.patch.level" value=""/>
    <property name="native.encoding" value="Cp1252"/>
    <property name="java.library.path" value="C:\Program Files\Java\jdk-17.0.2\bin;C:\WINDOWS\Sun\Java\bin;C:\WINDOWS\system32;C:\WINDOWS;C:\Program Files\Common Files\Oracle\Java\javapath;C:\Program Files (x86)\Intel\iCLS Client\;C:\Program Files\Intel\iCLS Client\;C:\Program Files (x86)\Common Files\Oracle\Java\javapath;C:\WINDOWS\system32;C:\WINDOWS;C:\WINDOWS\System32\Wbem;C:\WINDOWS\System32\WindowsPowerShell\v1.0\;C:\WINDOWS\System32\OpenSSH\;C:\Program Files (x86)\NVIDIA Corporation\PhysX\Common;C:\Program Files\NVIDIA Corporation\NVIDIA NvDLISR;C:\WINDOWS\system32;C:\WINDOWS;C:\WINDOWS\System32\Wbem;C:\WINDOWS\System32\WindowsPowerShell\v1.0\;C:\WINDOWS\System32\OpenSSH\;C:\Program Files (x86)\Intel\Intel(R) Management Engine Components\DAL;C:\Program Files\Intel\Intel(R) Management Engine Components\DAL;C:\Program Files (x86)\Intel\Intel(R) Management Engine Components\IPT;C:\Program Files\Intel\Intel(R) Management Engine Components\IPT;C:\Program Files\Intel\WiFi\bin\;C:\Program Files\Common Files\Intel\WirelessCommon\;D:\Developer\server\nodejs 12.16.2\;C:\Program Files\Java\jdk-17.0.2\\bin;D:\Developer\apache-maven-3.6.3-bin\apache-maven-3.6.3\bin;C:\Users\mjedli\android-sdks;C:\Users\mjedli\android-sdks;C:\Users\mjedli\.android\avd;C:\Users\mjedli\.android;D:\Developer\server\flutter\flutter_windows_2.8.1-stable\flutter\bin;C:\Program Files (x86)\Windows Live\Shared;C:\Program Files\dotnet\;C:\Users\mjedli\AppData\Local\Microsoft\WindowsApps;D:\Developer\Microsoft VS Code\bin;C:\Users\mjedli\AppData\Roaming\npm;."/>
    <property name="java.vm.info" value="mixed mode, sharing"/>
    <property name="java.vendor" value="Oracle Corporation"/>
    <property name="java.vm.version" value="17.0.2+8-LTS-86"/>
    <property name="sun.io.unicode.encoding" value="UnicodeLittle"/>
    <property name="java.class.version" value="61.0"/>
  </properties>
  <testcase name="givenMockedStep_whenReaderCalled_thenSuccess" classname="com.example.batchprocessing.BatchConfigurationReaderTest" time="0.881">
    <error message="org/junit/Assert" type="java.lang.NoClassDefFoundError">java.lang.NoClassDefFoundError: org/junit/Assert
	at com.example.batchprocessing.BatchConfigurationReaderTest.lambda$0(BatchConfigurationReaderTest.java:65)
	at com.example.batchprocessing.BatchConfigurationReaderTest.givenMockedStep_whenReaderCalled_thenSuccess(BatchConfigurationReaderTest.java:59)
Caused by: java.lang.ClassNotFoundException: org.junit.Assert
	at com.example.batchprocessing.BatchConfigurationReaderTest.lambda$0(BatchConfigurationReaderTest.java:65)
	at com.example.batchprocessing.BatchConfigurationReaderTest.givenMockedStep_whenReaderCalled_thenSuccess(BatchConfigurationReaderTest.java:59)
</error>
    <system-out><![CDATA[15:48:39.286 [main] DEBUG org.springframework.test.context.support.AbstractContextLoader - Could not detect default resource locations for test class [com.example.batchprocessing.BatchConfigurationReaderTest]: no resource found for suffixes {-context.xml, Context.groovy}.
15:48:39.294 [main] INFO org.springframework.test.context.support.AnnotationConfigContextLoaderUtils - Could not detect default configuration classes for test class [com.example.batchprocessing.BatchConfigurationReaderTest]: BatchConfigurationReaderTest does not declare any static, non-private, non-final, nested classes annotated with @Configuration.
15:48:39.375 [main] DEBUG org.springframework.boot.test.context.SpringBootTestContextBootstrapper - Using ContextCustomizers for test class [BatchConfigurationReaderTest]: [ExcludeFilterContextCustomizer, DuplicateJsonObjectContextCustomizer, MockitoContextCustomizer, TestRestTemplateContextCustomizer, DisableObservabilityContextCustomizer, PropertyMappingContextCustomizer, Customizer, BatchTestContextCustomizer]
15:48:39.542 [main] DEBUG org.springframework.context.annotation.ClassPathScanningCandidateComponentProvider - Identified candidate component class: file [D:\Developer\workspace-j17\gs-batch-processing\complete\target\classes\com\example\batchprocessing\BatchProcessingApplication.class]
15:48:39.564 [main] INFO org.springframework.boot.test.context.SpringBootTestContextBootstrapper - Found @SpringBootConfiguration com.example.batchprocessing.BatchProcessingApplication for test class com.example.batchprocessing.BatchConfigurationReaderTest
15:48:39.793 [main] DEBUG org.springframework.test.context.util.TestContextSpringFactoriesUtils - Skipping candidate TestExecutionListener [org.springframework.test.context.web.ServletTestExecutionListener] due to a missing dependency. Specify custom TestExecutionListener classes or make the default TestExecutionListener classes and their required dependencies available. Offending class: [jakarta/servlet/ServletContext]
15:48:39.835 [main] DEBUG org.springframework.boot.test.context.SpringBootTestContextBootstrapper - Using TestExecutionListeners for test class [BatchConfigurationReaderTest]: [DirtiesContextBeforeModesTestExecutionListener, ApplicationEventsTestExecutionListener, MockitoTestExecutionListener, DependencyInjectionTestExecutionListener, DirtiesContextTestExecutionListener, TransactionalTestExecutionListener, SqlScriptsTestExecutionListener, EventPublishingTestExecutionListener, ResetMocksTestExecutionListener, RestDocsTestExecutionListener, MockRestServiceServerResetTestExecutionListener, MockMvcPrintOnlyOnFailureTestExecutionListener, WebDriverTestExecutionListener, MockWebServiceServerTestExecutionListener, StepScopeTestExecutionListener, JobScopeTestExecutionListener]
15:48:39.839 [main] DEBUG org.springframework.test.context.support.AbstractDirtiesContextTestExecutionListener - Before test class: class [BatchConfigurationReaderTest], class annotated with @DirtiesContext [false] with mode [null]
15:48:39.885 [main] DEBUG org.springframework.test.context.support.DependencyInjectionTestExecutionListener - Performing dependency injection for test class com.example.batchprocessing.BatchConfigurationReaderTest

  .   ____          _            __ _ _
 /\\ / ___'_ __ _ _(_)_ __  __ _ \ \ \ \
( ( )\___ | '_ | '_| | '_ \/ _` | \ \ \ \
 \\/  ___)| |_)| | | | | || (_| |  ) ) ) )
  '  |____| .__|_| |_|_| |_\__, | / / / /
 =========|_|==============|___/=/_/_/_/
 :: Spring Boot ::                (v3.0.0)

2023-02-24T15:48:40.539+01:00  INFO 16100 --- [           main] c.e.b.BatchConfigurationReaderTest       : Starting BatchConfigurationReaderTest using Java 17.0.2 with PID 16100 (started by mjedli in D:\Developer\workspace-j17\gs-batch-processing\complete)
2023-02-24T15:48:40.543+01:00  INFO 16100 --- [           main] c.e.b.BatchConfigurationReaderTest       : No active profile set, falling back to 1 default profile: "default"
2023-02-24T15:48:42.229+01:00  INFO 16100 --- [           main] com.zaxxer.hikari.HikariDataSource       : HikariPool-1 - Starting...
2023-02-24T15:48:42.801+01:00  INFO 16100 --- [           main] com.zaxxer.hikari.pool.PoolBase          : HikariPool-1 - Driver does not support get/set network timeout for connections. (feature not supported)
2023-02-24T15:48:42.803+01:00  INFO 16100 --- [           main] com.zaxxer.hikari.pool.HikariPool        : HikariPool-1 - Added connection org.hsqldb.jdbc.JDBCConnection@61cd1c71
2023-02-24T15:48:42.807+01:00  INFO 16100 --- [           main] com.zaxxer.hikari.HikariDataSource       : HikariPool-1 - Start completed.
2023-02-24T15:48:43.229+01:00  INFO 16100 --- [           main] c.e.batchprocessing.BatchConfiguration   : File xml output : xmloutput/sample-xml.xml
2023-02-24T15:48:43.458+01:00  INFO 16100 --- [           main] c.e.b.BatchConfigurationReaderTest       : Started BatchConfigurationReaderTest in 3.489 seconds (process running for 6.265)
2023-02-24T15:48:43.465+01:00  INFO 16100 --- [           main] o.s.b.a.b.JobLauncherApplicationRunner   : Running default command line with: []
2023-02-24T15:48:43.625+01:00  INFO 16100 --- [           main] o.s.b.c.l.support.SimpleJobLauncher      : Job: [SimpleJob: [name=importUserJob]] launched with the following parameters: [{'run.id':'{value=1, type=class java.lang.Long, identifying=true}'}]
2023-02-24T15:48:43.679+01:00  INFO 16100 --- [           main] o.s.batch.core.job.SimpleStepHandler     : Executing step: [step1]
2023-02-24T15:48:43.775+01:00  INFO 16100 --- [           main] c.e.batchprocessing.PersonItemProcessor  : Converting (firstName: Jill, lastName: Doe) into (firstName: JILL, lastName: DOE)
2023-02-24T15:48:43.777+01:00  INFO 16100 --- [           main] c.e.batchprocessing.PersonItemProcessor  : Converting (firstName: Joe, lastName: Doe) into (firstName: JOE, lastName: DOE)
2023-02-24T15:48:43.777+01:00  INFO 16100 --- [           main] c.e.batchprocessing.PersonItemProcessor  : Converting (firstName: Justin, lastName: Doe) into (firstName: JUSTIN, lastName: DOE)
2023-02-24T15:48:43.779+01:00  INFO 16100 --- [           main] c.e.batchprocessing.PersonItemProcessor  : Converting (firstName: Jane, lastName: Doe) into (firstName: JANE, lastName: DOE)
2023-02-24T15:48:43.779+01:00  INFO 16100 --- [           main] c.e.batchprocessing.PersonItemProcessor  : Converting (firstName: John, lastName: Doe) into (firstName: JOHN, lastName: DOE)
2023-02-24T15:48:43.809+01:00  INFO 16100 --- [           main] o.s.batch.core.step.AbstractStep         : Step: [step1] executed in 124ms
2023-02-24T15:48:43.832+01:00  INFO 16100 --- [           main] o.s.batch.core.job.SimpleStepHandler     : Executing step: [step2]
2023-02-24T15:48:43.880+01:00  INFO 16100 --- [           main] c.e.b.PersonXmltemProcessor              : Converting (firstName: Jill, lastName: Doe) into (firstName: Jill, lastName: Doe)
2023-02-24T15:48:43.882+01:00  INFO 16100 --- [           main] c.e.b.PersonXmltemProcessor              : Converting (firstName: Joe, lastName: Doe) into (firstName: Joe, lastName: Doe)
2023-02-24T15:48:43.882+01:00  INFO 16100 --- [           main] c.e.b.PersonXmltemProcessor              : Converting (firstName: Justin, lastName: Doe) into (firstName: Justin, lastName: Doe)
2023-02-24T15:48:43.883+01:00  INFO 16100 --- [           main] c.e.b.PersonXmltemProcessor              : Converting (firstName: Jane, lastName: Doe) into (firstName: Jane, lastName: Doe)
2023-02-24T15:48:43.884+01:00  INFO 16100 --- [           main] c.e.b.PersonXmltemProcessor              : Converting (firstName: John, lastName: Doe) into (firstName: John, lastName: Doe)
2023-02-24T15:48:44.262+01:00  INFO 16100 --- [           main] o.s.batch.core.step.AbstractStep         : Step: [step2] executed in 429ms
2023-02-24T15:48:44.271+01:00  INFO 16100 --- [           main] c.e.b.JobCompletionNotificationListener  : !!! JOB FINISHED! Time to verify the results
2023-02-24T15:48:44.274+01:00  INFO 16100 --- [           main] c.e.b.JobCompletionNotificationListener  : Found <{firstName: JILL, lastName: DOE}> in the database.
2023-02-24T15:48:44.274+01:00  INFO 16100 --- [           main] c.e.b.JobCompletionNotificationListener  : Found <{firstName: JOE, lastName: DOE}> in the database.
2023-02-24T15:48:44.275+01:00  INFO 16100 --- [           main] c.e.b.JobCompletionNotificationListener  : Found <{firstName: JUSTIN, lastName: DOE}> in the database.
2023-02-24T15:48:44.275+01:00  INFO 16100 --- [           main] c.e.b.JobCompletionNotificationListener  : Found <{firstName: JANE, lastName: DOE}> in the database.
2023-02-24T15:48:44.275+01:00  INFO 16100 --- [           main] c.e.b.JobCompletionNotificationListener  : Found <{firstName: JOHN, lastName: DOE}> in the database.
2023-02-24T15:48:44.291+01:00  INFO 16100 --- [           main] o.s.b.c.l.support.SimpleJobLauncher      : Job: [SimpleJob: [name=importUserJob]] completed with the following parameters: [{'run.id':'{value=1, type=class java.lang.Long, identifying=true}'}] and the following status: [COMPLETED] in 616ms
]]></system-out>
  </testcase>
  <testcase name="testReader" classname="com.example.batchprocessing.BatchConfigurationReaderTest" time="0.009">
    <error message="org/junit/Assert" type="java.lang.NoClassDefFoundError">java.lang.NoClassDefFoundError: org/junit/Assert
	at com.example.batchprocessing.BatchConfigurationReaderTest.testReader(BatchConfigurationReaderTest.java:52)
Caused by: java.lang.ClassNotFoundException: org.junit.Assert
	at com.example.batchprocessing.BatchConfigurationReaderTest.testReader(BatchConfigurationReaderTest.java:52)
</error>
  </testcase>
</testsuite>